C:\Program Files\Microsoft Visual Studio\2022\Community\MSBuild\Microsoft\VC\v170\Microsoft.CppBuild.targets(517,5): warning MSB8028: The intermediate directory (x64\Debug\) contains files shared from another project (Project2.vcxproj).  This can lead to incorrect clean and rebuild behavior.
  Scanning sources for module dependencies...
  StateMachine.h
  Compiling...
  StateMachine.h
C:\Users\user\Downloads\SFML-master\SFML-master\include\SFML\System\Angle.inl(27,17): warning C5260: the constant variable 'sf::priv::pi' has internal linkage in an included header file context, but external linkage in imported header unit context; consider declaring it 'inline' as well if it will be shared across translation units, or 'static' to express intent to use it local to this translation unit
  Accessorizes.cpp
C:\Users\user\source\repos\Project2\Project2\Definitions.h(187,2): warning C4566: character represented by universal-character-name '\u2665' cannot be represented in the current code page (1252)
  AI.cpp
C:\Users\user\source\repos\Project2\Project2\Definitions.h(187,2): warning C4566: character represented by universal-character-name '\u2665' cannot be represented in the current code page (1252)
  Animation.cpp
C:\Users\user\source\repos\Project2\Project2\Definitions.h(187,2): warning C4566: character represented by universal-character-name '\u2665' cannot be represented in the current code page (1252)
  AssetManager.cpp
  EffectsControl.cpp
C:\Users\user\source\repos\Project2\Project2\Definitions.h(187,2): warning C4566: character represented by universal-character-name '\u2665' cannot be represented in the current code page (1252)
C:\Users\user\source\repos\Project2\Project2\EffectsControl.cpp(31,121): warning C4244: 'argument': conversion from 'T' to 'T', possible loss of data
          with
          [
              T=unsigned int
          ]
          and
          [
              T=float
          ]
C:\Users\user\source\repos\Project2\Project2\EffectsControl.cpp(33,124): warning C4244: 'argument': conversion from 'T' to 'T', possible loss of data
          with
          [
              T=unsigned int
          ]
          and
          [
              T=float
          ]
C:\Users\user\source\repos\Project2\Project2\EffectsControl.cpp(34,125): warning C4244: 'argument': conversion from 'T' to 'T', possible loss of data
          with
          [
              T=unsigned int
          ]
          and
          [
              T=float
          ]
C:\Users\user\source\repos\Project2\Project2\EffectsControl.cpp(37,65): warning C4305: 'argument': truncation from 'double' to 'float'
C:\Users\user\source\repos\Project2\Project2\EffectsControl.cpp(38,64): warning C4305: 'argument': truncation from 'double' to 'float'
  FoodMenu.cpp
C:\Users\user\source\repos\Project2\Project2\Definitions.h(187,2): warning C4566: character represented by universal-character-name '\u2665' cannot be represented in the current code page (1252)
C:\Users\user\source\repos\Project2\Project2\FoodMenu.cpp(13,42): warning C4244: '=': conversion from 'T' to 'int', possible loss of data
          with
          [
              T=float
          ]
C:\Users\user\source\repos\Project2\Project2\FoodMenu.cpp(14,33): warning C4244: '=': conversion from 'T' to 'int', possible loss of data
          with
          [
              T=float
          ]
C:\Users\user\source\repos\Project2\Project2\FoodMenu.cpp(20,45): warning C4244: 'argument': conversion from 'int' to 'T', possible loss of data
          with
          [
              T=float
          ]
C:\Users\user\source\repos\Project2\Project2\FoodMenu.cpp(20,42): warning C4244: 'argument': conversion from 'int' to 'T', possible loss of data
          with
          [
              T=float
          ]
  Game.cpp
C:\Users\user\source\repos\Project2\Project2\Definitions.h(187,2): warning C4566: character represented by universal-character-name '\u2665' cannot be represented in the current code page (1252)
  BigPam.cpp
C:\Users\user\source\repos\Project2\Project2\Definitions.h(187,2): warning C4566: character represented by universal-character-name '\u2665' cannot be represented in the current code page (1252)
C:\Users\user\source\repos\Project2\Project2\BigPam.cpp(46,48): warning C4244: 'argument': conversion from 'double' to 'T', possible loss of data
          with
          [
              T=float
          ]
C:\Users\user\source\repos\Project2\Project2\BigPam.cpp(45,77): warning C4244: 'argument': conversion from 'double' to 'T', possible loss of data
          with
          [
              T=float
          ]
C:\Users\user\source\repos\Project2\Project2\BigPam.cpp(87,48): warning C4244: 'argument': conversion from 'double' to 'T', possible loss of data
          with
          [
              T=float
          ]
C:\Users\user\source\repos\Project2\Project2\BigPam.cpp(86,78): warning C4244: 'argument': conversion from 'double' to 'T', possible loss of data
          with
          [
              T=float
          ]
  Heart.cpp
C:\Users\user\source\repos\Project2\Project2\Definitions.h(187,2): warning C4566: character represented by universal-character-name '\u2665' cannot be represented in the current code page (1252)
  Level1.cpp
C:\Users\user\source\repos\Project2\Project2\Definitions.h(187,2): warning C4566: character represented by universal-character-name '\u2665' cannot be represented in the current code page (1252)
C:\Users\user\source\repos\Project2\Project2\Level1.h(26,27): warning C4244: 'initializing': conversion from 'float' to 'const int', possible loss of data
C:\Users\user\source\repos\Project2\Project2\Level2.h(41,27): warning C4244: 'initializing': conversion from 'float' to 'const int', possible loss of data
C:\Users\user\source\repos\Project2\Project2\Level1.cpp(10,61): warning C4244: 'argument': conversion from 'T' to 'T', possible loss of data
          with
          [
              T=unsigned int
          ]
          and
          [
              T=float
          ]
  Level2.cpp
C:\Users\user\source\repos\Project2\Project2\Definitions.h(187,2): warning C4566: character represented by universal-character-name '\u2665' cannot be represented in the current code page (1252)
C:\Users\user\source\repos\Project2\Project2\Level2.h(41,27): warning C4244: 'initializing': conversion from 'float' to 'const int', possible loss of data
C:\Users\user\source\repos\Project2\Project2\Level3.h(19,27): warning C4244: 'initializing': conversion from 'float' to 'const int', possible loss of data
  Level3.cpp
C:\Users\user\source\repos\Project2\Project2\Definitions.h(187,2): warning C4566: character represented by universal-character-name '\u2665' cannot be represented in the current code page (1252)
C:\Users\user\source\repos\Project2\Project2\Level2.h(41,27): warning C4244: 'initializing': conversion from 'float' to 'const int', possible loss of data
C:\Users\user\source\repos\Project2\Project2\Level3.h(19,27): warning C4244: 'initializing': conversion from 'float' to 'const int', possible loss of data
  LevelState.cpp
C:\Users\user\source\repos\Project2\Project2\Definitions.h(187,2): warning C4566: character represented by universal-character-name '\u2665' cannot be represented in the current code page (1252)
C:\Users\user\source\repos\Project2\Project2\LevelState.cpp(76,83): warning C4244: 'argument': conversion from 'double' to 'int', possible loss of data
  MyNooni.cpp
  Menu.cpp
C:\Users\user\source\repos\Project2\Project2\Definitions.h(187,2): warning C4566: character represented by universal-character-name '\u2665' cannot be represented in the current code page (1252)
  GameState.cpp
C:\Users\user\source\repos\Project2\Project2\Definitions.h(187,2): warning C4566: character represented by universal-character-name '\u2665' cannot be represented in the current code page (1252)
  InputManager.cpp
C:\Users\user\source\repos\Project2\Project2\InputManager.cpp(9,73): warning C4244: 'argument': conversion from 'T' to 'T', possible loss of data
          with
          [
              T=float
          ]
          and
          [
              T=int
          ]
C:\Users\user\source\repos\Project2\Project2\InputManager.cpp(9,41): warning C4244: 'argument': conversion from 'T' to 'T', possible loss of data
          with
          [
              T=float
          ]
          and
          [
              T=int
          ]
C:\Users\user\source\repos\Project2\Project2\InputManager.cpp(8,81): warning C4244: 'argument': conversion from 'const T' to 'T', possible loss of data
          with
          [
              T=float
          ]
          and
          [
              T=int
          ]
C:\Users\user\source\repos\Project2\Project2\InputManager.cpp(8,57): warning C4244: 'argument': conversion from 'const T' to 'T', possible loss of data
          with
          [
              T=float
          ]
          and
          [
              T=int
          ]
  MainState.cpp
C:\Users\user\source\repos\Project2\Project2\Definitions.h(187,2): warning C4566: character represented by universal-character-name '\u2665' cannot be represented in the current code page (1252)
  Need.cpp
C:\Users\user\source\repos\Project2\Project2\Definitions.h(187,2): warning C4566: character represented by universal-character-name '\u2665' cannot be represented in the current code page (1252)
C:\Users\user\source\repos\Project2\Project2\Need.cpp(42,45): warning C4244: 'argument': conversion from 'int' to 'T', possible loss of data
          with
          [
              T=float
          ]
C:\Users\user\source\repos\Project2\Project2\Need.cpp(42,38): warning C4244: 'argument': conversion from 'int' to 'T', possible loss of data
          with
          [
              T=float
          ]
C:\Users\user\source\repos\Project2\Project2\Need.cpp(53,61): warning C4244: 'argument': conversion from 'double' to 'float', possible loss of data
C:\Users\user\source\repos\Project2\Project2\Need.cpp(56,53): warning C4305: 'argument': truncation from 'double' to 'float'
C:\Users\user\source\repos\Project2\Project2\Need.cpp(57,74): warning C4244: 'argument': conversion from 'double' to 'T', possible loss of data
          with
          [
              T=float
          ]
C:\Users\user\source\repos\Project2\Project2\Need.cpp(57,43): warning C4244: 'argument': conversion from 'double' to 'T', possible loss of data
          with
          [
              T=float
          ]
C:\Users\user\source\repos\Project2\Project2\Need.cpp(138,147): warning C4244: 'argument': conversion from 'T' to 'T', possible loss of data
          with
          [
              T=int
          ]
          and
          [
              T=float
          ]
C:\Users\user\source\repos\Project2\Project2\Need.cpp(138,107): warning C4244: 'argument': conversion from 'T' to 'T', possible loss of data
          with
          [
              T=int
          ]
          and
          [
              T=float
          ]
C:\Users\user\source\repos\Project2\Project2\Need.cpp(143,146): warning C4244: 'argument': conversion from 'T' to 'T', possible loss of data
          with
          [
              T=int
          ]
          and
          [
              T=float
          ]
C:\Users\user\source\repos\Project2\Project2\Need.cpp(143,106): warning C4244: 'argument': conversion from 'T' to 'T', possible loss of data
          with
          [
              T=int
          ]
          and
          [
              T=float
          ]
  Pam.cpp
C:\Users\user\source\repos\Project2\Project2\Pam.cpp(19,26): warning C4305: 'argument': truncation from 'double' to 'float'
  Generating Code...
C:\Users\user\source\repos\Project2\Project2\AssetManager.cpp(51): warning C4172: returning address of local variable or temporary: sound
C:\Users\user\source\repos\Project2\Project2\AssetManager.cpp(26): warning C4172: returning address of local variable or temporary: texture
  Compiling...
  Pet.cpp
C:\Users\user\source\repos\Project2\Project2\Definitions.h(187,2): warning C4566: character represented by universal-character-name '\u2665' cannot be represented in the current code page (1252)
C:\Users\user\source\repos\Project2\Project2\Pet.cpp(65,54): warning C4305: 'argument': truncation from 'double' to 'float'
C:\Users\user\source\repos\Project2\Project2\Pet.cpp(66,55): warning C4305: 'argument': truncation from 'double' to 'float'
C:\Users\user\source\repos\Project2\Project2\Pet.cpp(194,30): warning C4267: '=': conversion from 'size_t' to 'int', possible loss of data
  SelectState.cpp
C:\Users\user\source\repos\Project2\Project2\Definitions.h(187,2): warning C4566: character represented by universal-character-name '\u2665' cannot be represented in the current code page (1252)
C:\Users\user\source\repos\Project2\Project2\Level1.h(26,27): warning C4244: 'initializing': conversion from 'float' to 'const int', possible loss of data
C:\Users\user\source\repos\Project2\Project2\SelectState.cpp(3,1): warning C4067: unexpected tokens following preprocessor directive - expected a newline
C:\Users\user\source\repos\Project2\Project2\SelectState.cpp(56,48): warning C4244: 'argument': conversion from 'int' to 'T', possible loss of data
          with
          [
              T=float
          ]
C:\Users\user\source\repos\Project2\Project2\SelectState.cpp(56,45): warning C4244: 'argument': conversion from 'int' to 'T', possible loss of data
          with
          [
              T=float
          ]
C:\Users\user\source\repos\Project2\Project2\SelectState.cpp(95,142): warning C4244: 'argument': conversion from 'T' to 'T', possible loss of data
          with
          [
              T=int
          ]
          and
          [
              T=float
          ]
C:\Users\user\source\repos\Project2\Project2\SelectState.cpp(95,102): warning C4244: 'argument': conversion from 'T' to 'T', possible loss of data
          with
          [
              T=int
          ]
          and
          [
              T=float
          ]
C:\Users\user\source\repos\Project2\Project2\SelectState.cpp(106,152): warning C4244: 'argument': conversion from 'T' to 'T', possible loss of data
          with
          [
              T=int
          ]
          and
          [
              T=float
          ]
C:\Users\user\source\repos\Project2\Project2\SelectState.cpp(106,112): warning C4244: 'argument': conversion from 'T' to 'T', possible loss of data
          with
          [
              T=int
          ]
          and
          [
              T=float
          ]
  SmallPam.cpp
C:\Users\user\source\repos\Project2\Project2\Definitions.h(187,2): warning C4566: character represented by universal-character-name '\u2665' cannot be represented in the current code page (1252)
  SoundManage.cpp
C:\Users\user\source\repos\Project2\Project2\Definitions.h(187,2): warning C4566: character represented by universal-character-name '\u2665' cannot be represented in the current code page (1252)
C:\Users\user\source\repos\Project2\Project2\SoundManage.cpp(16,28): warning C4244: 'argument': conversion from 'const int' to 'float', possible loss of data
C:\Users\user\source\repos\Project2\Project2\SoundManage.cpp(17,22): warning C4244: 'argument': conversion from 'const int' to 'float', possible loss of data
C:\Users\user\source\repos\Project2\Project2\SoundManage.cpp(76,29): warning C4244: 'argument': conversion from 'const int' to 'float', possible loss of data
C:\Users\user\source\repos\Project2\Project2\SoundManage.cpp(77,25): warning C4244: 'argument': conversion from 'const int' to 'float', possible loss of data
C:\Users\user\source\repos\Project2\Project2\SoundManage.cpp(78,23): warning C4244: 'argument': conversion from 'const int' to 'float', possible loss of data
C:\Users\user\source\repos\Project2\Project2\SoundManage.cpp(125,62): warning C4244: 'return': conversion from 'int64_t' to 'float', possible loss of data
C:\Users\user\source\repos\Project2\Project2\SoundManage.cpp(138,62): warning C4244: 'return': conversion from 'int64_t' to 'float', possible loss of data
  SpeakState.cpp
C:\Users\user\source\repos\Project2\Project2\Definitions.h(187,2): warning C4566: character represented by universal-character-name '\u2665' cannot be represented in the current code page (1252)
C:\Users\user\source\repos\Project2\Project2\SpeakState.cpp(50,50): warning C4244: 'argument': conversion from 'int' to 'T', possible loss of data
          with
          [
              T=float
          ]
C:\Users\user\source\repos\Project2\Project2\SpeakState.cpp(50,47): warning C4244: 'argument': conversion from 'int' to 'T', possible loss of data
          with
          [
              T=float
          ]
C:\Users\user\source\repos\Project2\Project2\SpeakState.cpp(198,83): warning C4244: 'argument': conversion from 'double' to 'int', possible loss of data
  StateMachine.cpp
  TicTacToe.cpp
C:\Users\user\source\repos\Project2\Project2\Definitions.h(187,2): warning C4566: character represented by universal-character-name '\u2665' cannot be represented in the current code page (1252)
  ToysMenu.cpp
C:\Users\user\source\repos\Project2\Project2\Definitions.h(187,2): warning C4566: character represented by universal-character-name '\u2665' cannot be represented in the current code page (1252)
C:\Users\user\source\repos\Project2\Project2\ToysMenu.cpp(13,42): warning C4244: '=': conversion from 'T' to 'int', possible loss of data
          with
          [
              T=float
          ]
C:\Users\user\source\repos\Project2\Project2\ToysMenu.cpp(14,33): warning C4244: '=': conversion from 'T' to 'int', possible loss of data
          with
          [
              T=float
          ]
C:\Users\user\source\repos\Project2\Project2\ToysMenu.cpp(20,45): warning C4244: 'argument': conversion from 'int' to 'T', possible loss of data
          with
          [
              T=float
          ]
C:\Users\user\source\repos\Project2\Project2\ToysMenu.cpp(20,42): warning C4244: 'argument': conversion from 'int' to 'T', possible loss of data
          with
          [
              T=float
          ]
  YardState.cpp
C:\Users\user\source\repos\Project2\Project2\Definitions.h(187,2): warning C4566: character represented by universal-character-name '\u2665' cannot be represented in the current code page (1252)
  Generating Code...
  Project2.vcxproj -> C:\Users\user\source\repos\Project2\x64\Debug\MyNooni.exe
